\BOOKMARK [1][-]{section.1}{Abstract}{}% 1
\BOOKMARK [1][-]{section.2}{Acknowledgements}{}% 2
\BOOKMARK [1][-]{section*.1}{1. Introduction}{}% 3
\BOOKMARK [2][-]{subsection*.2}{1.1. Motivation}{section*.1}% 4
\BOOKMARK [2][-]{subsection*.3}{1.2. Contributions}{section*.1}% 5
\BOOKMARK [2][-]{subsection*.4}{1.3. Challenges}{section*.1}% 6
\BOOKMARK [2][-]{subsection*.5}{1.4. Structure of the Report}{section*.1}% 7
\BOOKMARK [1][-]{section*.6}{2. Preliminaries}{}% 8
\BOOKMARK [2][-]{subsection*.7}{2.1. Relational Database Schema}{section*.6}% 9
\BOOKMARK [2][-]{subsection*.8}{2.2. First-order Logic}{section*.6}% 10
\BOOKMARK [2][-]{subsection*.9}{2.3. Queries}{section*.6}% 11
\BOOKMARK [2][-]{subsection*.10}{2.4. Dependencies}{section*.6}% 12
\BOOKMARK [2][-]{subsection*.11}{2.5. Open World Query Answering}{section*.6}% 13
\BOOKMARK [2][-]{subsection*.12}{2.6. Forward Chaining: The Chase}{section*.6}% 14
\BOOKMARK [1][-]{section*.13}{3. Chase Entailment for LTGDs}{}% 15
\BOOKMARK [2][-]{subsection*.14}{3.1. Tree-like Property}{section*.13}% 16
\BOOKMARK [2][-]{subsection*.15}{3.2. Automata over Infinite Trees: 1-way deterministic Buchi}{section*.13}% 17
\BOOKMARK [2][-]{subsection*.16}{3.3. Automata for the chase}{section*.13}% 18
\BOOKMARK [2][-]{subsection*.17}{3.4. Automata over Infinite Trees: 2-way alternating Buchi}{section*.13}% 19
\BOOKMARK [2][-]{subsection*.18}{3.5. Automata for single-headed LTGDs}{section*.13}% 20
\BOOKMARK [2][-]{subsection*.19}{3.6. Time complexity}{section*.13}% 21
\BOOKMARK [1][-]{section*.20}{4. Equivalences for Chase and CQs}{}% 22
\BOOKMARK [2][-]{subsection*.21}{4.1. Definitions}{section*.20}% 23
\BOOKMARK [2][-]{subsection*.22}{4.2. Implications}{section*.20}% 24
\BOOKMARK [2][-]{subsection*.23}{4.3. Decidability for equivalences of LTGD sets}{section*.20}% 25
\BOOKMARK [2][-]{subsection*.24}{4.4. Query entailment for the chase}{section*.20}% 26
\BOOKMARK [2][-]{subsection*.25}{4.5. Weaker notions of CQ-equivalence}{section*.20}% 27
\BOOKMARK [1][-]{section*.26}{5. Conclusions}{}% 28
